CreatureCraftXR/Library/Bee/Android/Prj/IL2CPP/Gradle/launcher/build/intermediates/manifest_merge_blame_file/release/processReleaseMainManifest/manifest-merger-blame-release-report.txt
1<?xml version="1.0" encoding="utf-8"?>
2<manifest xmlns:android="http://schemas.android.com/apk/res/android"
3    package="com.UnityTechnologies.com.unity.template.urpblank"
4    android:installLocation="auto"
5    android:versionCode="1"
6    android:versionName="0.1.0" >
7
8    <uses-sdk
9        android:minSdkVersion="32"
10        android:targetSdkVersion="32" />
11
12    <supports-screens
12-->src/main/AndroidManifest.xml:4:3-163
13        android:anyDensity="true"
13-->src/main/AndroidManifest.xml:4:135-160
14        android:largeScreens="true"
14-->src/main/AndroidManifest.xml:4:78-105
15        android:normalScreens="true"
15-->src/main/AndroidManifest.xml:4:49-77
16        android:smallScreens="true"
16-->src/main/AndroidManifest.xml:4:21-48
17        android:xlargeScreens="true" />
17-->src/main/AndroidManifest.xml:4:106-134
18
19    <supports-gl-texture android:name="GL_KHR_texture_compression_astc_ldr" />
19-->[:unityLibrary] AndroidManifest.xml:9:5-79
19-->[:unityLibrary] AndroidManifest.xml:9:26-76
20
21    <uses-permission android:name="com.oculus.permission.HAND_TRACKING" />
21-->[:unityLibrary] AndroidManifest.xml:11:5-75
21-->[:unityLibrary] AndroidManifest.xml:11:22-72
22    <uses-permission android:name="com.oculus.permission.USE_ANCHOR_API" />
22-->[:unityLibrary] AndroidManifest.xml:12:5-76
22-->[:unityLibrary] AndroidManifest.xml:12:22-73
23    <uses-permission android:name="com.oculus.permission.USE_SCENE" />
23-->[:unityLibrary] AndroidManifest.xml:13:5-71
23-->[:unityLibrary] AndroidManifest.xml:13:22-68
24    <uses-permission android:name="android.permission.INTERNET" />
24-->[:unityLibrary] AndroidManifest.xml:14:5-67
24-->[:unityLibrary] AndroidManifest.xml:14:22-64
25
26    <uses-feature
26-->[:unityLibrary] AndroidManifest.xml:16:5-19:31
27        android:name="android.hardware.vr.headtracking"
27-->[:unityLibrary] AndroidManifest.xml:17:9-56
28        android:required="true"
28-->[:unityLibrary] AndroidManifest.xml:18:9-32
29        android:version="1" />
29-->[:unityLibrary] AndroidManifest.xml:19:9-28
30    <uses-feature
30-->[:unityLibrary] AndroidManifest.xml:20:5-22:36
31        android:name="oculus.software.handtracking"
31-->[:unityLibrary] AndroidManifest.xml:21:9-52
32        android:required="false" />
32-->[:unityLibrary] AndroidManifest.xml:22:9-33
33    <uses-feature
33-->[:unityLibrary] AndroidManifest.xml:23:5-25:35
34        android:name="android.hardware.vulkan.version"
34-->[:unityLibrary] AndroidManifest.xml:24:9-55
35        android:required="true" />
35-->[:unityLibrary] AndroidManifest.xml:25:9-32
36    <uses-feature
36-->[:unityLibrary] AndroidManifest.xml:26:5-28:36
37        android:name="android.hardware.touchscreen"
37-->[:unityLibrary] AndroidManifest.xml:27:9-52
38        android:required="false" />
38-->[:unityLibrary] AndroidManifest.xml:28:9-33
39    <uses-feature
39-->[:unityLibrary] AndroidManifest.xml:29:5-31:36
40        android:name="android.hardware.touchscreen.multitouch"
40-->[:unityLibrary] AndroidManifest.xml:30:9-63
41        android:required="false" />
41-->[:unityLibrary] AndroidManifest.xml:31:9-33
42    <uses-feature
42-->[:unityLibrary] AndroidManifest.xml:32:5-34:36
43        android:name="android.hardware.touchscreen.multitouch.distinct"
43-->[:unityLibrary] AndroidManifest.xml:33:9-72
44        android:required="false" />
44-->[:unityLibrary] AndroidManifest.xml:34:9-33
45    <uses-feature
45-->[:unityLibrary] AndroidManifest.xml:35:5-37:36
46        android:name="com.oculus.feature.PASSTHROUGH"
46-->[:unityLibrary] AndroidManifest.xml:36:9-54
47        android:required="true" />
47-->[:unityLibrary] AndroidManifest.xml:37:9-33
48
49    <uses-permission android:name="horizonos.permission.HEADSET_CAMERA" />
49-->[:unityLibrary] AndroidManifest.xml:39:5-75
49-->[:unityLibrary] AndroidManifest.xml:39:22-72
50
51    <uses-feature
51-->[:unityLibrary:xrmanifest.androidlib] AndroidManifest.xml:11:5-13:35
52        android:name="oculus.software.eye_tracking"
52-->[:unityLibrary:xrmanifest.androidlib] AndroidManifest.xml:12:9-52
53        android:required="true" />
53-->[:unityLibrary:xrmanifest.androidlib] AndroidManifest.xml:13:9-32
54
55    <uses-permission android:name="com.oculus.permission.EYE_TRACKING" />
55-->[:unityLibrary:xrmanifest.androidlib] AndroidManifest.xml:15:5-74
55-->[:unityLibrary:xrmanifest.androidlib] AndroidManifest.xml:15:22-71
56    <uses-permission android:name="com.oculus.permission.IMPORT_EXPORT_IOT_MAP_DATA" />
56-->[:unityLibrary:xrmanifest.androidlib] AndroidManifest.xml:21:5-88
56-->[:unityLibrary:xrmanifest.androidlib] AndroidManifest.xml:21:22-85
57    <uses-permission android:name="com.oculus.permission.BOUNDARY_VISIBILITY" />
57-->[:unityLibrary:xrmanifest.androidlib] AndroidManifest.xml:24:5-81
57-->[:unityLibrary:xrmanifest.androidlib] AndroidManifest.xml:24:22-78
58    <uses-permission android:name="com.oculus.permission.USE_COLOCATION_DISCOVERY_API" />
58-->[:unityLibrary:xrmanifest.androidlib] AndroidManifest.xml:25:5-90
58-->[:unityLibrary:xrmanifest.androidlib] AndroidManifest.xml:25:22-87
59
60    <application
60-->src/main/AndroidManifest.xml:3:3-83
61        android:allowBackup="false"
61-->[:unityLibrary] AndroidManifest.xml:42:9-36
62        android:appCategory="game"
62-->[:unityLibrary] AndroidManifest.xml:43:9-35
63        android:appComponentFactory="androidx.core.app.CoreComponentFactory"
63-->[androidx.core:core:1.8.0] AndroidManifest.xml:24:18-86
64        android:extractNativeLibs="true"
65        android:icon="@mipmap/app_icon"
65-->src/main/AndroidManifest.xml:3:16-47
66        android:label="@string/app_name"
66-->src/main/AndroidManifest.xml:3:48-80
67        android:networkSecurityConfig="@xml/network_sec_config" >
67-->[:unityLibrary] AndroidManifest.xml:47:9-64
68        <meta-data
68-->[:unityLibrary] AndroidManifest.xml:48:9-50:37
69            android:name="unityplayer.SkipPermissionsDialog"
69-->[:unityLibrary] AndroidManifest.xml:49:13-61
70            android:value="false" />
70-->[:unityLibrary] AndroidManifest.xml:50:13-34
71        <meta-data
71-->[:unityLibrary] AndroidManifest.xml:51:9-53:35
72            android:name="com.oculus.handtracking.frequency"
72-->[:unityLibrary] AndroidManifest.xml:52:13-61
73            android:value="LOW" />
73-->[:unityLibrary] AndroidManifest.xml:53:13-32
74        <meta-data
74-->[:unityLibrary] AndroidManifest.xml:54:9-56:54
75            android:name="com.oculus.ossplash.background"
75-->[:unityLibrary] AndroidManifest.xml:55:13-58
76            android:value="passthrough-contextual" />
76-->[:unityLibrary] AndroidManifest.xml:56:13-51
77        <meta-data
77-->[:unityLibrary] AndroidManifest.xml:57:9-59:68
78            android:name="com.oculus.telemetry.project_guid"
78-->[:unityLibrary] AndroidManifest.xml:58:13-61
79            android:value="e0051119-57c1-42ff-be3b-63a5f4c64f16" />
79-->[:unityLibrary] AndroidManifest.xml:59:13-65
80        <meta-data
80-->[:unityLibrary] AndroidManifest.xml:60:9-63:45
81            android:name="com.oculus.supportedDevices"
81-->[:unityLibrary] AndroidManifest.xml:61:13-55
82            android:value="quest2|questpro|quest3|quest3s" />
82-->[:unityLibrary] AndroidManifest.xml:62:13-59
83        <meta-data
83-->[:unityLibrary] AndroidManifest.xml:64:9-66:33
84            android:name="unity.splash-mode"
84-->[:unityLibrary] AndroidManifest.xml:65:13-45
85            android:value="0" />
85-->[:unityLibrary] AndroidManifest.xml:66:13-30
86        <meta-data
86-->[:unityLibrary] AndroidManifest.xml:67:9-69:36
87            android:name="unity.splash-enable"
87-->[:unityLibrary] AndroidManifest.xml:68:13-47
88            android:value="True" />
88-->[:unityLibrary] AndroidManifest.xml:69:13-33
89        <meta-data
89-->[:unityLibrary] AndroidManifest.xml:70:9-72:36
90            android:name="unity.launch-fullscreen"
90-->[:unityLibrary] AndroidManifest.xml:71:13-51
91            android:value="True" />
91-->[:unityLibrary] AndroidManifest.xml:72:13-33
92        <meta-data
92-->[:unityLibrary] AndroidManifest.xml:73:9-75:36
93            android:name="unity.render-outside-safearea"
93-->[:unityLibrary] AndroidManifest.xml:74:13-57
94            android:value="True" />
94-->[:unityLibrary] AndroidManifest.xml:75:13-33
95        <meta-data
95-->[:unityLibrary] AndroidManifest.xml:76:9-78:50
96            android:name="notch.config"
96-->[:unityLibrary] AndroidManifest.xml:77:13-40
97            android:value="portrait|landscape" />
97-->[:unityLibrary] AndroidManifest.xml:78:13-47
98        <meta-data
98-->[:unityLibrary] AndroidManifest.xml:79:9-81:36
99            android:name="unity.auto-report-fully-drawn"
99-->[:unityLibrary] AndroidManifest.xml:80:13-57
100            android:value="true" />
100-->[:unityLibrary] AndroidManifest.xml:81:13-33
101        <meta-data
101-->[:unityLibrary] AndroidManifest.xml:82:9-84:36
102            android:name="unity.strip-engine-code"
102-->[:unityLibrary] AndroidManifest.xml:83:13-51
103            android:value="true" />
103-->[:unityLibrary] AndroidManifest.xml:84:13-33
104        <meta-data
104-->[:unityLibrary] AndroidManifest.xml:85:9-87:36
105            android:name="unity.auto-set-game-state"
105-->[:unityLibrary] AndroidManifest.xml:86:13-53
106            android:value="true" />
106-->[:unityLibrary] AndroidManifest.xml:87:13-33
107
108        <activity
108-->[:unityLibrary] AndroidManifest.xml:89:9-123:20
109            android:name="com.unity3d.player.UnityPlayerGameActivity"
109-->[:unityLibrary] AndroidManifest.xml:90:13-70
110            android:configChanges="mcc|mnc|locale|touchscreen|keyboard|keyboardHidden|navigation|orientation|screenLayout|uiMode|screenSize|smallestScreenSize|fontScale|layoutDirection|density"
110-->[:unityLibrary] AndroidManifest.xml:91:13-194
111            android:enabled="true"
111-->[:unityLibrary] AndroidManifest.xml:92:13-35
112            android:excludeFromRecents="true"
112-->[:unityLibrary] AndroidManifest.xml:93:13-46
113            android:exported="true"
113-->[:unityLibrary] AndroidManifest.xml:94:13-36
114            android:hardwareAccelerated="false"
114-->[:unityLibrary] AndroidManifest.xml:95:13-48
115            android:launchMode="singleTask"
115-->[:unityLibrary] AndroidManifest.xml:96:13-44
116            android:resizeableActivity="true"
116-->[:unityLibrary] AndroidManifest.xml:97:13-46
117            android:screenOrientation="landscape"
117-->[:unityLibrary] AndroidManifest.xml:98:13-50
118            android:theme="@style/Theme.AppCompat.DayNight.NoActionBar" >
118-->[:unityLibrary] AndroidManifest.xml:99:13-72
119            <intent-filter>
119-->[:unityLibrary] AndroidManifest.xml:100:13-105:29
120                <category android:name="android.intent.category.LAUNCHER" />
120-->[:unityLibrary] AndroidManifest.xml:101:17-77
120-->[:unityLibrary] AndroidManifest.xml:101:27-74
121                <category android:name="com.oculus.intent.category.VR" />
121-->[:unityLibrary] AndroidManifest.xml:102:17-74
121-->[:unityLibrary] AndroidManifest.xml:102:27-71
122
123                <action android:name="android.intent.action.MAIN" />
123-->[:unityLibrary] AndroidManifest.xml:104:17-69
123-->[:unityLibrary] AndroidManifest.xml:104:25-66
124            </intent-filter>
125
126            <meta-data
126-->[:unityLibrary] AndroidManifest.xml:107:13-109:40
127                android:name="com.oculus.vr.focusaware"
127-->[:unityLibrary] AndroidManifest.xml:108:17-56
128                android:value="true" />
128-->[:unityLibrary] AndroidManifest.xml:109:17-37
129            <meta-data
129-->[:unityLibrary] AndroidManifest.xml:110:13-112:71
130                android:name="WindowManagerPreference:FreeformWindowSize"
130-->[:unityLibrary] AndroidManifest.xml:111:17-74
131                android:value="@string/FreeformWindowSize_maximize" />
131-->[:unityLibrary] AndroidManifest.xml:112:17-68
132            <meta-data
132-->[:unityLibrary] AndroidManifest.xml:113:13-115:79
133                android:name="WindowManagerPreference:FreeformWindowOrientation"
133-->[:unityLibrary] AndroidManifest.xml:114:17-81
134                android:value="@string/FreeformWindowOrientation_landscape" />
134-->[:unityLibrary] AndroidManifest.xml:115:17-76
135            <meta-data
135-->[:unityLibrary] AndroidManifest.xml:116:13-118:40
136                android:name="notch_support"
136-->[:unityLibrary] AndroidManifest.xml:117:17-45
137                android:value="true" />
137-->[:unityLibrary] AndroidManifest.xml:118:17-37
138
139            <layout
139-->[:unityLibrary] AndroidManifest.xml:120:13-122:44
140                android:minHeight="300px"
140-->[:unityLibrary] AndroidManifest.xml:121:17-42
141                android:minWidth="400px" />
141-->[:unityLibrary] AndroidManifest.xml:122:17-41
142        </activity>
143
144        <provider
144-->[androidx.emoji2:emoji2:1.2.0] AndroidManifest.xml:24:9-32:20
145            android:name="androidx.startup.InitializationProvider"
145-->[androidx.emoji2:emoji2:1.2.0] AndroidManifest.xml:25:13-67
146            android:authorities="com.UnityTechnologies.com.unity.template.urpblank.androidx-startup"
146-->[androidx.emoji2:emoji2:1.2.0] AndroidManifest.xml:26:13-68
147            android:exported="false" >
147-->[androidx.emoji2:emoji2:1.2.0] AndroidManifest.xml:27:13-37
148            <meta-data
148-->[androidx.emoji2:emoji2:1.2.0] AndroidManifest.xml:29:13-31:52
149                android:name="androidx.emoji2.text.EmojiCompatInitializer"
149-->[androidx.emoji2:emoji2:1.2.0] AndroidManifest.xml:30:17-75
150                android:value="androidx.startup" />
150-->[androidx.emoji2:emoji2:1.2.0] AndroidManifest.xml:31:17-49
151            <meta-data
151-->[androidx.lifecycle:lifecycle-process:2.4.1] AndroidManifest.xml:31:13-33:52
152                android:name="androidx.lifecycle.ProcessLifecycleInitializer"
152-->[androidx.lifecycle:lifecycle-process:2.4.1] AndroidManifest.xml:32:17-78
153                android:value="androidx.startup" />
153-->[androidx.lifecycle:lifecycle-process:2.4.1] AndroidManifest.xml:33:17-49
154        </provider>
155    </application>
156
157</manifest>